Build started 12.11.2015 16:02:59.
     1>Project "U:\esdexercises\SPS\ueg\JuliaMengen\JuliaMengen.vcxproj" on node 2 (Build target(s)).
     1>AddCudaCompileDeps:
         C:\Program Files (x86)\Microsoft Visual Studio 12.0\VC\bin\cl.exe /E /nologo /showIncludes /TP /D__CUDACC__ /DWIN32 /D_DEBUG /D_CONSOLE /D_LIB /D_UNICODE /DUNICODE /IC:\public\boost_1_59_0 /I"C:\Program Files\NVIDIA GPU Computing Toolkit\CUDA\v7.5\include" /I"C:\Program Files\NVIDIA GPU Computing Toolkit\CUDA\v7.5\include" /I"C:\Program Files\NVIDIA GPU Computing Toolkit\CUDA\v7.5\bin" /I"C:\Program Files\NVIDIA GPU Computing Toolkit\CUDA\v7.5\include" /I. /FIcuda_runtime.h /c U:\esdexercises\SPS\ueg\JuliaMengen\KernelFractalCalculation.cu 
       CudaBuild:
         Compiling CUDA source file KernelFractalCalculation.cu...
         cmd.exe /C "C:\Users\s1410567019\AppData\Local\Temp\tmpc7ca3e1ae5b946a1a157ae7e45bf33c3.cmd"
         "C:\Program Files\NVIDIA GPU Computing Toolkit\CUDA\v7.5\bin\nvcc.exe" -gencode=arch=compute_20,code=\"sm_20,compute_20\" --use-local-env --cl-version 2013 -ccbin "C:\Program Files (x86)\Microsoft Visual Studio 12.0\VC\bin"  -IC:\public\boost_1_59_0 -I"C:\Program Files\NVIDIA GPU Computing Toolkit\CUDA\v7.5\include" -I"C:\Program Files\NVIDIA GPU Computing Toolkit\CUDA\v7.5\include" -I"C:\Program Files\NVIDIA GPU Computing Toolkit\CUDA\v7.5\include"  -G   --keep-dir Debug -maxrregcount=0 --ptxas-options=-v --machine 32 --compile -cudart static  -g   -DWIN32 -D_DEBUG -D_CONSOLE -D_LIB -D_UNICODE -DUNICODE -Xcompiler "/EHsc /W3 /nologo /Od /Zi /RTC1 /MDd " -o Debug\KernelFractalCalculation.cu.obj "U:\esdexercises\SPS\ueg\JuliaMengen\KernelFractalCalculation.cu"
         
         U:\esdexercises\SPS\ueg\JuliaMengen>"C:\Program Files\NVIDIA GPU Computing Toolkit\CUDA\v7.5\bin\nvcc.exe" -gencode=arch=compute_20,code=\"sm_20,compute_20\" --use-local-env --cl-version 2013 -ccbin "C:\Program Files (x86)\Microsoft Visual Studio 12.0\VC\bin"  -IC:\public\boost_1_59_0 -I"C:\Program Files\NVIDIA GPU Computing Toolkit\CUDA\v7.5\include" -I"C:\Program Files\NVIDIA GPU Computing Toolkit\CUDA\v7.5\include" -I"C:\Program Files\NVIDIA GPU Computing Toolkit\CUDA\v7.5\include"  -G   --keep-dir Debug -maxrregcount=0 --ptxas-options=-v --machine 32 --compile -cudart static  -g   -DWIN32 -D_DEBUG -D_CONSOLE -D_LIB -D_UNICODE -DUNICODE -Xcompiler "/EHsc /W3 /nologo /Od /Zi /RTC1 /MDd " -o Debug\KernelFractalCalculation.cu.obj "U:\esdexercises\SPS\ueg\JuliaMengen\KernelFractalCalculation.cu" 
     1>u:\esdexercises\sps\ueg\juliamengen\bitmap.h(537): warning : pointless comparison of unsigned integer with zero
     1>u:\esdexercises\sps\ueg\juliamengen\JuliaFractalCalculationCUDA.h(41): warning : variable "numberOfBlocks" was declared but never referenced
     1>u:\esdexercises\sps\ueg\juliamengen\bitmap.h(537): warning : pointless comparison of unsigned integer with zero
         ptxas info    : 144 bytes gmem, 16 bytes cmem[14]
         ptxas info    : Compiling entry function '_Z18FractalCalculationN3pfc7complexIdEEPNS_7RGB_3_tEjjjS3_jS1_ddPKN5julia21JuliaPixelCalculationIidEE' for 'sm_20'
         ptxas info    : Function properties for _Z18FractalCalculationN3pfc7complexIdEEPNS_7RGB_3_tEjjjS3_jS1_ddPKN5julia21JuliaPixelCalculationIidEE
             264 bytes stack frame, 0 bytes spill stores, 0 bytes spill loads
         ptxas info    : Used 59 registers, 496 bytes cumulative stack size, 108 bytes cmem[0]
         ptxas info    : Function properties for _ZN3pfc7complexIdEpLERKS1_
             8 bytes stack frame, 0 bytes spill stores, 0 bytes spill loads
         ptxas info    : Function properties for _ZNK3pfc7complexIdE4normEv
             0 bytes stack frame, 0 bytes spill stores, 0 bytes spill loads
         ptxas info    : Function properties for _ZNK3pfc7complexIdE4realEv
             0 bytes stack frame, 0 bytes spill stores, 0 bytes spill loads
         ptxas info    : Function properties for _ZNK5julia21JuliaPixelCalculationIidE4CalcERKN3pfc7complexIdEES6_
             32 bytes stack frame, 16 bytes spill stores, 16 bytes spill loads
         ptxas info    : Function properties for _ZN3pfc7complexIdE6squareEv
             8 bytes stack frame, 0 bytes spill stores, 0 bytes spill loads
         ptxas info    : Function properties for _ZNK3pfc7complexIdE4imagEv
             0 bytes stack frame, 0 bytes spill stores, 0 bytes spill loads
         ptxas info    : Function properties for _ZN5julia23JuliaFractalCalculationIidE12CalcPixelPosEjjddN3pfc7complexIdEE
             80 bytes stack frame, 28 bytes spill stores, 28 bytes spill loads
         ptxas info    : Function properties for _ZN3pfc7complexIdEC1Edd
             0 bytes stack frame, 0 bytes spill stores, 0 bytes spill loads
         ptxas info    : Function properties for _ZNK3pfc7complexIdEplERKS1_
             40 bytes stack frame, 8 bytes spill stores, 8 bytes spill loads
         ptxas info    : Function properties for _ZN5julia27JuliaFractalCalculationCUDAIidE9CalcPixelE5uint34dim3S2_N3pfc7complexIdEEPNS4_7RGB_3_tEjjjS8_jS6_ddPKNS_21JuliaPixelCalculationIidEE
             152 bytes stack frame, 16 bytes spill stores, 16 bytes spill loads
         KernelFractalCalculation.cu
       ClCompile:
         C:\Program Files (x86)\Microsoft Visual Studio 12.0\VC\bin\CL.exe /c /IC:\public\boost_1_59_0 /I"C:\Program Files\NVIDIA GPU Computing Toolkit\CUDA\v7.5\include" /I"C:\Program Files\NVIDIA GPU Computing Toolkit\CUDA\v7.5\include" /ZI /nologo /W3 /WX- /Od /Oy- /D WIN32 /D _DEBUG /D _CONSOLE /D _LIB /D _UNICODE /D UNICODE /Gm /EHsc /RTC1 /MDd /GS /fp:precise /Zc:wchar_t /Zc:forScope /Fo"Debug\\" /Fd"Debug\vc120.pdb" /Gd /TP /analyze- /errorReport:prompt DurationAnalyze.cpp main.cpp
         main.cpp
     1>u:\esdexercises\sps\ueg\juliamengen\main.cpp(28): error C2371: 'calc' : redefinition; different basic types
                 u:\esdexercises\sps\ueg\juliamengen\main.cpp(19) : see declaration of 'calc'
     1>u:\esdexercises\sps\ueg\juliamengen\main.cpp(28): error C2065: 'JuliaFractalCalculationCPU' : undeclared identifier
     1>u:\esdexercises\sps\ueg\juliamengen\main.cpp(28): error C2275: 'IntType' : illegal use of this type as an expression
                 u:\esdexercises\sps\ueg\juliamengen\main.cpp(15) : see declaration of 'IntType'
     1>u:\esdexercises\sps\ueg\juliamengen\main.cpp(29): error C2563: mismatch in formal parameter list
     1>u:\esdexercises\sps\ueg\juliamengen\main.cpp(35): error C2784: 'void julia::DurationAnalyze::RunCalculation(std::shared_ptr<julia::JuliaFractalCalculation<T,FloatingType>>,const julia::DurationAnalyze::TagType &)' : could not deduce template argument for 'std::shared_ptr<julia::JuliaFractalCalculation<T,FloatingType>>' from 'julia::JuliaFractalCalculationCPU<IntType,FloatingType> *'
                 u:\esdexercises\sps\ueg\juliamengen\durationanalyze.h(33) : see declaration of 'julia::DurationAnalyze::RunCalculation'
     1>u:\esdexercises\sps\ueg\juliamengen\main.cpp(36): error C2784: 'void julia::DurationAnalyze::RunCalculation(std::shared_ptr<julia::JuliaFractalCalculation<T,FloatingType>>,const julia::DurationAnalyze::TagType &)' : could not deduce template argument for 'std::shared_ptr<julia::JuliaFractalCalculation<T,FloatingType>>' from 'julia::JuliaFractalCalculationCUDA<IntType,FloatingType> *'
                 u:\esdexercises\sps\ueg\juliamengen\durationanalyze.h(33) : see declaration of 'julia::DurationAnalyze::RunCalculation'
         DurationAnalyze.cpp
         Generating Code...
     1>Done Building Project "U:\esdexercises\SPS\ueg\JuliaMengen\JuliaMengen.vcxproj" (Build target(s)) -- FAILED.

Build FAILED.

Time Elapsed 00:00:11.90
